<?xml version="1.0" encoding="UTF-8"?>
<!-- Generated by org.testng.reporters.JUnitXMLReporter -->
<testsuite ignored="0" hostname="LAPTOP-TO4G4SNP" failures="2" tests="6" name="Test" time="0.073" errors="0" timestamp="2023-01-12T18:20:53 IST">
  <testcase classname="testNG.Demo2" name="TC4" time="0.009"/>
  <testcase classname="testNG.Demo2" name="TC5" time="0.001">
    <failure type="java.lang.Error" message="Unresolved compilation problem: 
	Syntax error, insert &amp;quot;;&amp;quot; to complete BlockStatements
">
      <![CDATA[java.lang.Error: Unresolved compilation problem: 
Syntax error, insert ";" to complete BlockStatements

at testNG.Demo2.TC5(Demo2.java:15)
at java.base/java.util.ArrayList.forEach(ArrayList.java:1511)
... Removed 27 stack frames]]>
    </failure>
  </testcase> <!-- TC5 -->
  <testcase classname="testNG.Demo2" name="TC6" time="0.001"/>
  <testcase classname="testNG.Demo1" name="TC1" time="0.002"/>
  <testcase classname="testNG.Demo1" name="TC2" time="0.002">
    <failure type="java.lang.Error" message="Unresolved compilation problem: 
	Syntax error, insert &amp;quot;;&amp;quot; to complete BlockStatements
">
      <![CDATA[java.lang.Error: Unresolved compilation problem: 
Syntax error, insert ";" to complete BlockStatements

at testNG.Demo1.TC2(Demo1.java:16)
at java.base/java.util.ArrayList.forEach(ArrayList.java:1511)
... Removed 27 stack frames]]>
    </failure>
  </testcase> <!-- TC2 -->
  <testcase classname="testNG.Demo1" name="TC3" time="0.002"/>
</testsuite> <!-- Test -->
