<?xml version="1.0" encoding="UTF-8"?>
<!-- Generated by org.testng.reporters.JUnitXMLReporter -->
<testsuite ignored="2" hostname="LAPTOP-TO4G4SNP" failures="0" tests="1" name="Test(failed)(failed)(failed)" time="0.06" errors="0" timestamp="2023-01-12T18:22:43 IST">
  <testcase classname="testNG.Demo2" name="TC5" time="0.009"/>
  <testcase classname="testNG.Demo2" name="TC4" time="0.0">
    <ignored/>
  </testcase> <!-- TC4 -->
  <testcase classname="testNG.Demo2" name="TC6" time="0.0">
    <ignored/>
  </testcase> <!-- TC6 -->
</testsuite> <!-- Test(failed)(failed)(failed) -->
